app/build/intermediates/manifest_merge_blame_file/debug/processDebugMainManifest/manifest-merger-blame-debug-report.txt
1<?xml version="1.0" encoding="utf-8"?>
2<manifest xmlns:android="http://schemas.android.com/apk/res/android"
3    package="com.congress.app"
4    android:versionCode="1"
5    android:versionName="1.0" >
6
7    <uses-sdk
8        android:minSdkVersion="28"
9        android:targetSdkVersion="36" />
10
11    <!-- Permissions for email functionality -->
12    <uses-permission android:name="android.permission.INTERNET" />
12-->src\main\AndroidManifest.xml:6:5-67
12-->src\main\AndroidManifest.xml:6:22-64
13    <uses-permission android:name="android.permission.ACCESS_NETWORK_STATE" />
13-->src\main\AndroidManifest.xml:7:5-79
13-->src\main\AndroidManifest.xml:7:22-76
14
15    <!-- Permissions for calling functionality -->
16    <uses-permission android:name="android.permission.CALL_PHONE" />
16-->src\main\AndroidManifest.xml:10:5-69
16-->src\main\AndroidManifest.xml:10:22-66
17    <uses-permission android:name="android.permission.RECORD_AUDIO" />
17-->src\main\AndroidManifest.xml:11:5-71
17-->src\main\AndroidManifest.xml:11:22-68
18    <uses-permission android:name="android.permission.MODIFY_AUDIO_SETTINGS" />
18-->src\main\AndroidManifest.xml:12:5-80
18-->src\main\AndroidManifest.xml:12:22-77
19    <uses-permission android:name="android.permission.USE_SIP" />
19-->src\main\AndroidManifest.xml:13:5-66
19-->src\main\AndroidManifest.xml:13:22-63
20    <uses-permission android:name="android.permission.CONFIGURE_SIP" />
20-->src\main\AndroidManifest.xml:14:5-72
20-->src\main\AndroidManifest.xml:14:22-69
21
22    <!-- Permissions for contacts -->
23    <uses-permission android:name="android.permission.READ_CONTACTS" />
23-->src\main\AndroidManifest.xml:17:5-72
23-->src\main\AndroidManifest.xml:17:22-69
24    <uses-permission android:name="android.permission.WRITE_CONTACTS" />
24-->src\main\AndroidManifest.xml:18:5-73
24-->src\main\AndroidManifest.xml:18:22-70
25
26    <!-- Permissions for storage -->
27    <uses-permission android:name="android.permission.READ_EXTERNAL_STORAGE" />
27-->src\main\AndroidManifest.xml:21:5-80
27-->src\main\AndroidManifest.xml:21:22-77
28    <uses-permission android:name="android.permission.WRITE_EXTERNAL_STORAGE" />
28-->src\main\AndroidManifest.xml:22:5-81
28-->src\main\AndroidManifest.xml:22:22-78
29
30    <!-- SIP feature -->
31    <uses-feature
31-->src\main\AndroidManifest.xml:25:5-27:36
32        android:name="android.software.sip"
32-->src\main\AndroidManifest.xml:26:9-44
33        android:required="false" />
33-->src\main\AndroidManifest.xml:27:9-33
34
35    <!-- Microphone feature -->
36    <uses-feature
36-->src\main\AndroidManifest.xml:30:5-32:36
37        android:name="android.hardware.microphone"
37-->src\main\AndroidManifest.xml:31:9-51
38        android:required="false" />
38-->src\main\AndroidManifest.xml:32:9-33
39
40    <permission
40-->[androidx.core:core:1.17.0] AndroidManifest.xml:22:5-24:47
41        android:name="com.congress.app.DYNAMIC_RECEIVER_NOT_EXPORTED_PERMISSION"
41-->[androidx.core:core:1.17.0] AndroidManifest.xml:23:9-81
42        android:protectionLevel="signature" />
42-->[androidx.core:core:1.17.0] AndroidManifest.xml:24:9-44
43
44    <uses-permission android:name="com.congress.app.DYNAMIC_RECEIVER_NOT_EXPORTED_PERMISSION" />
44-->[androidx.core:core:1.17.0] AndroidManifest.xml:26:5-97
44-->[androidx.core:core:1.17.0] AndroidManifest.xml:26:22-94
45
46    <application
46-->src\main\AndroidManifest.xml:34:5-74:19
47        android:allowBackup="true"
47-->src\main\AndroidManifest.xml:35:9-35
48        android:appComponentFactory="androidx.core.app.CoreComponentFactory"
48-->[androidx.core:core:1.17.0] AndroidManifest.xml:28:18-86
49        android:dataExtractionRules="@xml/data_extraction_rules"
49-->src\main\AndroidManifest.xml:36:9-65
50        android:debuggable="true"
51        android:extractNativeLibs="false"
52        android:fullBackupContent="@xml/backup_rules"
52-->src\main\AndroidManifest.xml:37:9-54
53        android:icon="@mipmap/ic_launcher"
53-->src\main\AndroidManifest.xml:38:9-43
54        android:label="@string/app_name"
54-->src\main\AndroidManifest.xml:39:9-41
55        android:roundIcon="@mipmap/ic_launcher_round"
55-->src\main\AndroidManifest.xml:40:9-54
56        android:supportsRtl="true"
56-->src\main\AndroidManifest.xml:41:9-35
57        android:theme="@style/Theme.CongressApp" >
57-->src\main\AndroidManifest.xml:42:9-49
58        <activity
58-->src\main\AndroidManifest.xml:44:9-52:20
59            android:name="com.congress.app.ui.MainActivity"
59-->src\main\AndroidManifest.xml:45:13-44
60            android:exported="true"
60-->src\main\AndroidManifest.xml:46:13-36
61            android:theme="@style/Theme.CongressApp" >
61-->src\main\AndroidManifest.xml:47:13-53
62            <intent-filter>
62-->src\main\AndroidManifest.xml:48:13-51:29
63                <action android:name="android.intent.action.MAIN" />
63-->src\main\AndroidManifest.xml:49:17-69
63-->src\main\AndroidManifest.xml:49:25-66
64
65                <category android:name="android.intent.category.LAUNCHER" />
65-->src\main\AndroidManifest.xml:50:17-77
65-->src\main\AndroidManifest.xml:50:27-74
66            </intent-filter>
67        </activity>
68        <activity
68-->src\main\AndroidManifest.xml:54:9-57:61
69            android:name="com.congress.app.ui.ContactDetailActivity"
69-->src\main\AndroidManifest.xml:55:13-53
70            android:exported="false"
70-->src\main\AndroidManifest.xml:56:13-37
71            android:parentActivityName="com.congress.app.ui.MainActivity" />
71-->src\main\AndroidManifest.xml:57:13-58
72        <activity
72-->src\main\AndroidManifest.xml:59:9-62:61
73            android:name="com.congress.app.ui.EmailComposerActivity"
73-->src\main\AndroidManifest.xml:60:13-53
74            android:exported="false"
74-->src\main\AndroidManifest.xml:61:13-37
75            android:parentActivityName="com.congress.app.ui.MainActivity" />
75-->src\main\AndroidManifest.xml:62:13-58
76        <activity
76-->src\main\AndroidManifest.xml:64:9-67:61
77            android:name="com.congress.app.ui.CallingActivity"
77-->src\main\AndroidManifest.xml:65:13-47
78            android:exported="false"
78-->src\main\AndroidManifest.xml:66:13-37
79            android:parentActivityName="com.congress.app.ui.MainActivity" />
79-->src\main\AndroidManifest.xml:67:13-58
80        <activity
80-->src\main\AndroidManifest.xml:69:9-72:61
81            android:name="com.congress.app.ui.SettingsActivity"
81-->src\main\AndroidManifest.xml:70:13-48
82            android:exported="false"
82-->src\main\AndroidManifest.xml:71:13-37
83            android:parentActivityName="com.congress.app.ui.MainActivity" />
83-->src\main\AndroidManifest.xml:72:13-58
84
85        <provider
85-->[androidx.emoji2:emoji2:1.3.0] AndroidManifest.xml:24:9-32:20
86            android:name="androidx.startup.InitializationProvider"
86-->[androidx.emoji2:emoji2:1.3.0] AndroidManifest.xml:25:13-67
87            android:authorities="com.congress.app.androidx-startup"
87-->[androidx.emoji2:emoji2:1.3.0] AndroidManifest.xml:26:13-68
88            android:exported="false" >
88-->[androidx.emoji2:emoji2:1.3.0] AndroidManifest.xml:27:13-37
89            <meta-data
89-->[androidx.emoji2:emoji2:1.3.0] AndroidManifest.xml:29:13-31:52
90                android:name="androidx.emoji2.text.EmojiCompatInitializer"
90-->[androidx.emoji2:emoji2:1.3.0] AndroidManifest.xml:30:17-75
91                android:value="androidx.startup" />
91-->[androidx.emoji2:emoji2:1.3.0] AndroidManifest.xml:31:17-49
92            <meta-data
92-->[androidx.lifecycle:lifecycle-process:2.9.0] AndroidManifest.xml:29:13-31:52
93                android:name="androidx.lifecycle.ProcessLifecycleInitializer"
93-->[androidx.lifecycle:lifecycle-process:2.9.0] AndroidManifest.xml:30:17-78
94                android:value="androidx.startup" />
94-->[androidx.lifecycle:lifecycle-process:2.9.0] AndroidManifest.xml:31:17-49
95            <meta-data
95-->[androidx.profileinstaller:profileinstaller:1.4.0] AndroidManifest.xml:29:13-31:52
96                android:name="androidx.profileinstaller.ProfileInstallerInitializer"
96-->[androidx.profileinstaller:profileinstaller:1.4.0] AndroidManifest.xml:30:17-85
97                android:value="androidx.startup" />
97-->[androidx.profileinstaller:profileinstaller:1.4.0] AndroidManifest.xml:31:17-49
98        </provider>
99
100        <service
100-->[androidx.room:room-runtime-android:2.8.1] AndroidManifest.xml:24:9-28:63
101            android:name="androidx.room.MultiInstanceInvalidationService"
101-->[androidx.room:room-runtime-android:2.8.1] AndroidManifest.xml:25:13-74
102            android:directBootAware="true"
102-->[androidx.room:room-runtime-android:2.8.1] AndroidManifest.xml:26:13-43
103            android:exported="false" />
103-->[androidx.room:room-runtime-android:2.8.1] AndroidManifest.xml:27:13-37
104
105        <receiver
105-->[androidx.profileinstaller:profileinstaller:1.4.0] AndroidManifest.xml:34:9-52:20
106            android:name="androidx.profileinstaller.ProfileInstallReceiver"
106-->[androidx.profileinstaller:profileinstaller:1.4.0] AndroidManifest.xml:35:13-76
107            android:directBootAware="false"
107-->[androidx.profileinstaller:profileinstaller:1.4.0] AndroidManifest.xml:36:13-44
108            android:enabled="true"
108-->[androidx.profileinstaller:profileinstaller:1.4.0] AndroidManifest.xml:37:13-35
109            android:exported="true"
109-->[androidx.profileinstaller:profileinstaller:1.4.0] AndroidManifest.xml:38:13-36
110            android:permission="android.permission.DUMP" >
110-->[androidx.profileinstaller:profileinstaller:1.4.0] AndroidManifest.xml:39:13-57
111            <intent-filter>
111-->[androidx.profileinstaller:profileinstaller:1.4.0] AndroidManifest.xml:40:13-42:29
112                <action android:name="androidx.profileinstaller.action.INSTALL_PROFILE" />
112-->[androidx.profileinstaller:profileinstaller:1.4.0] AndroidManifest.xml:41:17-91
112-->[androidx.profileinstaller:profileinstaller:1.4.0] AndroidManifest.xml:41:25-88
113            </intent-filter>
114            <intent-filter>
114-->[androidx.profileinstaller:profileinstaller:1.4.0] AndroidManifest.xml:43:13-45:29
115                <action android:name="androidx.profileinstaller.action.SKIP_FILE" />
115-->[androidx.profileinstaller:profileinstaller:1.4.0] AndroidManifest.xml:44:17-85
115-->[androidx.profileinstaller:profileinstaller:1.4.0] AndroidManifest.xml:44:25-82
116            </intent-filter>
117            <intent-filter>
117-->[androidx.profileinstaller:profileinstaller:1.4.0] AndroidManifest.xml:46:13-48:29
118                <action android:name="androidx.profileinstaller.action.SAVE_PROFILE" />
118-->[androidx.profileinstaller:profileinstaller:1.4.0] AndroidManifest.xml:47:17-88
118-->[androidx.profileinstaller:profileinstaller:1.4.0] AndroidManifest.xml:47:25-85
119            </intent-filter>
120            <intent-filter>
120-->[androidx.profileinstaller:profileinstaller:1.4.0] AndroidManifest.xml:49:13-51:29
121                <action android:name="androidx.profileinstaller.action.BENCHMARK_OPERATION" />
121-->[androidx.profileinstaller:profileinstaller:1.4.0] AndroidManifest.xml:50:17-95
121-->[androidx.profileinstaller:profileinstaller:1.4.0] AndroidManifest.xml:50:25-92
122            </intent-filter>
123        </receiver>
124    </application>
125
126</manifest>